app/build/intermediates/manifest_merge_blame_file/debug/manifest-merger-blame-debug-report.txt
1<?xml version="1.0" encoding="utf-8"?>
2<manifest xmlns:android="http://schemas.android.com/apk/res/android"
3    package="com.example.yumi"
4    android:versionCode="1"
5    android:versionName="1.0" >
6
7    <uses-sdk
8        android:minSdkVersion="16"
8-->src\main\AndroidManifest.xml
9        android:targetSdkVersion="29" />
9-->src\main\AndroidManifest.xml
10
11    <uses-permission android:name="android.permission.INTERNET" />
11-->src\main\AndroidManifest.xml:6:5-67
11-->src\main\AndroidManifest.xml:6:22-64
12    <uses-permission android:name="android.permission.READ_PHONE_STATE" />
12-->src\main\AndroidManifest.xml:7:5-75
12-->src\main\AndroidManifest.xml:7:22-72
13    <uses-permission android:name="android.permission.GET_ACCOUNTS" />
13-->src\main\AndroidManifest.xml:8:5-71
13-->src\main\AndroidManifest.xml:8:22-68
14    <uses-permission android:name="android.permission.ACCESS_WIFI_STATE" />
14-->src\main\AndroidManifest.xml:9:5-76
14-->src\main\AndroidManifest.xml:9:22-73
15    <uses-permission android:name="android.permission.ACCESS_NETWORK_STATE" />
15-->src\main\AndroidManifest.xml:10:5-79
15-->src\main\AndroidManifest.xml:10:22-76
16    <uses-permission android:name="android.permission.READ_EXTERNAL_STORAGE" />
16-->src\main\AndroidManifest.xml:11:5-80
16-->src\main\AndroidManifest.xml:11:22-77
17    <uses-permission android:name="android.permission.WRITE_EXTERNAL_STORAGE" />
17-->src\main\AndroidManifest.xml:12:5-81
17-->src\main\AndroidManifest.xml:12:22-78
18    <uses-permission android:name="android.permission.CAMERA" />
18-->src\main\AndroidManifest.xml:13:5-65
18-->src\main\AndroidManifest.xml:13:22-62
19
20    <uses-feature android:name="android.hardware.camera" />
20-->src\main\AndroidManifest.xml:15:5-60
20-->src\main\AndroidManifest.xml:15:19-57
21    <uses-feature android:name="android.hardware.camera.autofocus" />
21-->src\main\AndroidManifest.xml:16:5-70
21-->src\main\AndroidManifest.xml:16:19-67
22
23    <uses-permission android:name="android.permission.WAKE_LOCK" />
23-->[com.google.firebase:firebase-measurement-connector-impl:16.0.1] AndroidManifest.xml:24:5-68
23-->[com.google.firebase:firebase-measurement-connector-impl:16.0.1] AndroidManifest.xml:24:22-65
24    <uses-permission android:name="com.google.android.finsky.permission.BIND_GET_INSTALL_REFERRER_SERVICE" /> <!-- Required by older versions of Google Play services to create IID tokens -->
24-->[com.google.firebase:firebase-analytics:16.0.1] AndroidManifest.xml:26:5-110
24-->[com.google.firebase:firebase-analytics:16.0.1] AndroidManifest.xml:26:22-107
25    <uses-permission android:name="com.google.android.c2dm.permission.RECEIVE" />
25-->[com.google.firebase:firebase-iid:16.0.0] AndroidManifest.xml:26:5-82
25-->[com.google.firebase:firebase-iid:16.0.0] AndroidManifest.xml:26:22-79
26
27    <permission
27-->[com.google.firebase:firebase-iid:16.0.0] AndroidManifest.xml:28:5-30:47
28        android:name="com.example.yumi.permission.C2D_MESSAGE"
28-->[com.google.firebase:firebase-iid:16.0.0] AndroidManifest.xml:29:9-63
29        android:protectionLevel="signature" />
29-->[com.google.firebase:firebase-iid:16.0.0] AndroidManifest.xml:30:9-44
30
31    <uses-permission android:name="com.example.yumi.permission.C2D_MESSAGE" />
31-->[com.google.firebase:firebase-iid:16.0.0] AndroidManifest.xml:32:5-79
31-->[com.google.firebase:firebase-iid:16.0.0] AndroidManifest.xml:32:22-76
32
33    <application
33-->src\main\AndroidManifest.xml:18:5-66:19
34        android:allowBackup="true"
34-->src\main\AndroidManifest.xml:19:9-35
35        android:appComponentFactory="androidx.core.app.CoreComponentFactory"
35-->[androidx.core:core:1.0.0] AndroidManifest.xml:22:18-86
36        android:icon="@mipmap/ic_launcher"
36-->src\main\AndroidManifest.xml:20:9-43
37        android:label="@string/app_name"
37-->src\main\AndroidManifest.xml:21:9-41
38        android:networkSecurityConfig="@xml/network_security_config"
38-->src\main\AndroidManifest.xml:22:9-69
39        android:roundIcon="@mipmap/ic_launcher_round"
39-->src\main\AndroidManifest.xml:23:9-54
40        android:supportsRtl="true"
40-->src\main\AndroidManifest.xml:24:9-35
41        android:testOnly="true"
42        android:theme="@style/AppTheme"
42-->src\main\AndroidManifest.xml:25:9-40
43        android:usesCleartextTraffic="true" >
43-->src\main\AndroidManifest.xml:26:9-44
44        <activity android:name="com.example.yumi.MainActivity" >
44-->src\main\AndroidManifest.xml:29:9-35:20
44-->src\main\AndroidManifest.xml:29:19-47
45            <intent-filter>
45-->src\main\AndroidManifest.xml:30:13-34:29
46                <action android:name="android.intent.action.MAIN" />
46-->src\main\AndroidManifest.xml:31:17-69
46-->src\main\AndroidManifest.xml:31:25-66
47
48                <category android:name="android.intent.category.LAUNCHER" />
48-->src\main\AndroidManifest.xml:33:17-77
48-->src\main\AndroidManifest.xml:33:27-74
49            </intent-filter>
50        </activity>
51        <activity android:name="com.example.yumi.ChattingActivity" />
51-->src\main\AndroidManifest.xml:37:9-63
51-->src\main\AndroidManifest.xml:37:19-51
52        <activity android:name="com.example.yumi.Codematching_S" />
52-->src\main\AndroidManifest.xml:38:9-52
52-->src\main\AndroidManifest.xml:38:19-49
53        <activity android:name="com.example.yumi.LoginActivity" />
53-->src\main\AndroidManifest.xml:39:9-51
53-->src\main\AndroidManifest.xml:39:19-48
54        <activity android:name="com.example.yumi.Privateinformation2" />
54-->src\main\AndroidManifest.xml:40:9-57
54-->src\main\AndroidManifest.xml:40:19-54
55        <activity android:name="com.example.yumi.Mail_verify" />
55-->src\main\AndroidManifest.xml:41:9-49
55-->src\main\AndroidManifest.xml:41:19-46
56        <activity android:name="com.example.yumi.Teachersignup" />
56-->src\main\AndroidManifest.xml:42:9-51
56-->src\main\AndroidManifest.xml:42:19-48
57        <activity android:name="com.example.yumi.Studentsignup" />
57-->src\main\AndroidManifest.xml:43:9-51
57-->src\main\AndroidManifest.xml:43:19-48
58        <activity android:name="com.example.yumi.MenuActivity" />
58-->src\main\AndroidManifest.xml:44:9-50
58-->src\main\AndroidManifest.xml:44:19-47
59        <activity android:name="com.example.yumi.uploadq" />
59-->src\main\AndroidManifest.xml:45:9-45
59-->src\main\AndroidManifest.xml:45:19-42
60        <activity android:name="com.example.yumi.TutorQuestionDetailActivity" />
60-->src\main\AndroidManifest.xml:46:9-65
60-->src\main\AndroidManifest.xml:46:19-62
61        <activity android:name="com.example.yumi.Cons" />
61-->src\main\AndroidManifest.xml:47:9-42
61-->src\main\AndroidManifest.xml:47:19-39
62        <activity android:name="com.example.yumi.boardTutor" />
62-->src\main\AndroidManifest.xml:48:9-48
62-->src\main\AndroidManifest.xml:48:19-45
63        <activity android:name="com.example.yumi.getTutorVideo" />
63-->src\main\AndroidManifest.xml:49:9-51
63-->src\main\AndroidManifest.xml:49:19-48
64        <activity android:name="com.example.yumi.tutorManageStudent" />
64-->src\main\AndroidManifest.xml:50:9-56
64-->src\main\AndroidManifest.xml:50:19-53
65        <activity android:name="com.example.yumi.tutorMyPage" />
65-->src\main\AndroidManifest.xml:51:9-49
65-->src\main\AndroidManifest.xml:51:19-46
66        <activity android:name="com.example.yumi.tutorPreferences" />
66-->src\main\AndroidManifest.xml:52:9-54
66-->src\main\AndroidManifest.xml:52:19-51
67        <activity android:name="com.example.yumi.tutorMngBooking" />
67-->src\main\AndroidManifest.xml:53:9-53
67-->src\main\AndroidManifest.xml:53:19-50
68        <activity android:name="com.example.yumi.studentcompelete_question" />
68-->src\main\AndroidManifest.xml:54:9-63
68-->src\main\AndroidManifest.xml:54:19-60
69        <activity android:name="com.example.yumi.TutorQuestionlist" />
69-->src\main\AndroidManifest.xml:55:9-55
69-->src\main\AndroidManifest.xml:55:19-52
70
71        <provider
71-->src\main\AndroidManifest.xml:57:9-65:20
72            android:name="androidx.core.content.FileProvider"
72-->src\main\AndroidManifest.xml:58:13-62
73            android:authorities="com.example.yumi.fileprovider"
73-->src\main\AndroidManifest.xml:59:13-64
74            android:exported="false"
74-->src\main\AndroidManifest.xml:60:13-37
75            android:grantUriPermissions="true" >
75-->src\main\AndroidManifest.xml:61:13-47
76            <meta-data
76-->src\main\AndroidManifest.xml:62:13-64:54
77                android:name="android.support.FILE_PROVIDER_PATHS"
77-->src\main\AndroidManifest.xml:63:17-67
78                android:resource="@xml/file_paths" />
78-->src\main\AndroidManifest.xml:64:17-51
79        </provider>
80
81        <service android:name="com.google.firebase.components.ComponentDiscoveryService" >
81-->[com.google.firebase:firebase-measurement-connector-impl:16.0.1] AndroidManifest.xml:27:9-31:19
81-->[com.google.firebase:firebase-measurement-connector-impl:16.0.1] AndroidManifest.xml:27:18-89
82            <meta-data
82-->[com.google.firebase:firebase-measurement-connector-impl:16.0.1] AndroidManifest.xml:28:13-30:85
83                android:name="com.google.firebase.components:com.google.firebase.analytics.connector.internal.AnalyticsConnectorRegistrar"
83-->[com.google.firebase:firebase-measurement-connector-impl:16.0.1] AndroidManifest.xml:29:17-139
84                android:value="com.google.firebase.components.ComponentRegistrar" />
84-->[com.google.firebase:firebase-measurement-connector-impl:16.0.1] AndroidManifest.xml:30:17-82
85            <meta-data
85-->[com.google.firebase:firebase-iid:16.0.0] AndroidManifest.xml:36:13-38:85
86                android:name="com.google.firebase.components:com.google.firebase.iid.Registrar"
86-->[com.google.firebase:firebase-iid:16.0.0] AndroidManifest.xml:37:17-96
87                android:value="com.google.firebase.components.ComponentRegistrar" />
87-->[com.google.firebase:firebase-iid:16.0.0] AndroidManifest.xml:38:17-82
88        </service>
89
90        <receiver
90-->[com.google.firebase:firebase-analytics:16.0.1] AndroidManifest.xml:29:9-33:20
91            android:name="com.google.android.gms.measurement.AppMeasurementReceiver"
91-->[com.google.firebase:firebase-analytics:16.0.1] AndroidManifest.xml:30:13-85
92            android:enabled="true"
92-->[com.google.firebase:firebase-analytics:16.0.1] AndroidManifest.xml:31:13-35
93            android:exported="false" >
93-->[com.google.firebase:firebase-analytics:16.0.1] AndroidManifest.xml:32:13-37
94        </receiver>
95        <receiver
95-->[com.google.firebase:firebase-analytics:16.0.1] AndroidManifest.xml:34:9-42:20
96            android:name="com.google.android.gms.measurement.AppMeasurementInstallReferrerReceiver"
96-->[com.google.firebase:firebase-analytics:16.0.1] AndroidManifest.xml:35:13-100
97            android:enabled="true"
97-->[com.google.firebase:firebase-analytics:16.0.1] AndroidManifest.xml:36:13-35
98            android:exported="true"
98-->[com.google.firebase:firebase-analytics:16.0.1] AndroidManifest.xml:37:13-36
99            android:permission="android.permission.INSTALL_PACKAGES" >
99-->[com.google.firebase:firebase-analytics:16.0.1] AndroidManifest.xml:38:13-69
100            <intent-filter>
100-->[com.google.firebase:firebase-analytics:16.0.1] AndroidManifest.xml:39:13-41:29
101                <action android:name="com.android.vending.INSTALL_REFERRER" />
101-->[com.google.firebase:firebase-analytics:16.0.1] AndroidManifest.xml:40:17-79
101-->[com.google.firebase:firebase-analytics:16.0.1] AndroidManifest.xml:40:25-76
102            </intent-filter>
103        </receiver>
104
105        <service
105-->[com.google.firebase:firebase-analytics:16.0.1] AndroidManifest.xml:44:9-47:40
106            android:name="com.google.android.gms.measurement.AppMeasurementService"
106-->[com.google.firebase:firebase-analytics:16.0.1] AndroidManifest.xml:45:13-84
107            android:enabled="true"
107-->[com.google.firebase:firebase-analytics:16.0.1] AndroidManifest.xml:46:13-35
108            android:exported="false" />
108-->[com.google.firebase:firebase-analytics:16.0.1] AndroidManifest.xml:47:13-37
109        <service
109-->[com.google.firebase:firebase-analytics:16.0.1] AndroidManifest.xml:48:9-52:72
110            android:name="com.google.android.gms.measurement.AppMeasurementJobService"
110-->[com.google.firebase:firebase-analytics:16.0.1] AndroidManifest.xml:49:13-87
111            android:enabled="true"
111-->[com.google.firebase:firebase-analytics:16.0.1] AndroidManifest.xml:50:13-35
112            android:exported="false"
112-->[com.google.firebase:firebase-analytics:16.0.1] AndroidManifest.xml:51:13-37
113            android:permission="android.permission.BIND_JOB_SERVICE" />
113-->[com.google.firebase:firebase-analytics:16.0.1] AndroidManifest.xml:52:13-69
114
115        <receiver
115-->[com.google.firebase:firebase-iid:16.0.0] AndroidManifest.xml:41:9-50:20
116            android:name="com.google.firebase.iid.FirebaseInstanceIdReceiver"
116-->[com.google.firebase:firebase-iid:16.0.0] AndroidManifest.xml:42:13-78
117            android:exported="true"
117-->[com.google.firebase:firebase-iid:16.0.0] AndroidManifest.xml:43:13-36
118            android:permission="com.google.android.c2dm.permission.SEND" >
118-->[com.google.firebase:firebase-iid:16.0.0] AndroidManifest.xml:44:13-73
119            <intent-filter>
119-->[com.google.firebase:firebase-iid:16.0.0] AndroidManifest.xml:45:13-49:29
120                <action android:name="com.google.android.c2dm.intent.RECEIVE" />
120-->[com.google.firebase:firebase-iid:16.0.0] AndroidManifest.xml:46:17-81
120-->[com.google.firebase:firebase-iid:16.0.0] AndroidManifest.xml:46:25-78
121
122                <category android:name="com.example.yumi" />
122-->[com.google.firebase:firebase-iid:16.0.0] AndroidManifest.xml:48:17-61
122-->[com.google.firebase:firebase-iid:16.0.0] AndroidManifest.xml:48:27-58
123            </intent-filter>
124        </receiver>
125        <!--
126             FirebaseInstanceIdService performs security checks at runtime,
127             no need for explicit permissions despite exported="true"
128        -->
129        <service
129-->[com.google.firebase:firebase-iid:16.0.0] AndroidManifest.xml:56:9-62:19
130            android:name="com.google.firebase.iid.FirebaseInstanceIdService"
130-->[com.google.firebase:firebase-iid:16.0.0] AndroidManifest.xml:57:13-77
131            android:exported="true" >
131-->[com.google.firebase:firebase-iid:16.0.0] AndroidManifest.xml:58:13-36
132            <intent-filter android:priority="-500" >
132-->[com.google.firebase:firebase-iid:16.0.0] AndroidManifest.xml:59:13-61:29
132-->[com.google.firebase:firebase-iid:16.0.0] AndroidManifest.xml:59:28-51
133                <action android:name="com.google.firebase.INSTANCE_ID_EVENT" />
133-->[com.google.firebase:firebase-iid:16.0.0] AndroidManifest.xml:60:17-80
133-->[com.google.firebase:firebase-iid:16.0.0] AndroidManifest.xml:60:25-77
134            </intent-filter>
135        </service>
136
137        <provider
137-->[com.google.firebase:firebase-common:16.0.0] AndroidManifest.xml:9:9-13:39
138            android:name="com.google.firebase.provider.FirebaseInitProvider"
138-->[com.google.firebase:firebase-common:16.0.0] AndroidManifest.xml:10:13-77
139            android:authorities="com.example.yumi.firebaseinitprovider"
139-->[com.google.firebase:firebase-common:16.0.0] AndroidManifest.xml:11:13-72
140            android:exported="false"
140-->[com.google.firebase:firebase-common:16.0.0] AndroidManifest.xml:12:13-37
141            android:initOrder="100" />
141-->[com.google.firebase:firebase-common:16.0.0] AndroidManifest.xml:13:13-36
142
143        <activity
143-->[com.google.android.gms:play-services-base:15.0.1] AndroidManifest.xml:23:9-26:75
144            android:name="com.google.android.gms.common.api.GoogleApiActivity"
144-->[com.google.android.gms:play-services-base:15.0.1] AndroidManifest.xml:24:13-79
145            android:exported="false"
145-->[com.google.android.gms:play-services-base:15.0.1] AndroidManifest.xml:25:13-37
146            android:theme="@android:style/Theme.Translucent.NoTitleBar" />
146-->[com.google.android.gms:play-services-base:15.0.1] AndroidManifest.xml:26:13-72
147
148        <meta-data
148-->[com.google.android.gms:play-services-basement:15.0.1] AndroidManifest.xml:23:9-25:69
149            android:name="com.google.android.gms.version"
149-->[com.google.android.gms:play-services-basement:15.0.1] AndroidManifest.xml:24:13-58
150            android:value="@integer/google_play_services_version" />
150-->[com.google.android.gms:play-services-basement:15.0.1] AndroidManifest.xml:25:13-66
151
152        <provider
152-->[androidx.lifecycle:lifecycle-process:2.1.0] AndroidManifest.xml:23:9-27:43
153            android:name="androidx.lifecycle.ProcessLifecycleOwnerInitializer"
153-->[androidx.lifecycle:lifecycle-process:2.1.0] AndroidManifest.xml:24:13-79
154            android:authorities="com.example.yumi.lifecycle-process"
154-->[androidx.lifecycle:lifecycle-process:2.1.0] AndroidManifest.xml:25:13-69
155            android:exported="false"
155-->[androidx.lifecycle:lifecycle-process:2.1.0] AndroidManifest.xml:26:13-37
156            android:multiprocess="true" />
156-->[androidx.lifecycle:lifecycle-process:2.1.0] AndroidManifest.xml:27:13-40
157    </application>
158
159</manifest>